    ----------------------------------------------
    -                                            -
    -               PROGRAM MolSOC               -
    -                Version 0.1                 -
    -          AUTHOR: Sandro G. Chiodo          -
    -                                            -
    ----------------------------------------------


 *** 11 May 2026 - 00:17:03 ***

 *** SPIN-ORBIT CALCULATIONS ***

 GEOMETRY IN ANGSTROM
 RESTRICTED MOs
 COEFFICIENTS OF SPHERICAL MOs
 ONE-ELECTRON SOC CALCULATIONS WITH Z_eff
 DIPOLE MOMENT COMPONENTS

 MOLECULAR CHARGE                 =     0
 MULTIPLICITY OF THE FIRST STATE  =     0
 MULTIPLICITY OF THE SECOND STATE =     0
 NUMBER OF ELECTRONS              =   320


 GEOMETRY IN ANGSTROM

 ATOM          X           Y           Z      Z_A   Z_eff

  C        2.987860   -2.857210    1.972430   6.0   3.013
  C        2.269080   -2.017450    2.813670   6.0   3.013
  C        1.343590   -1.145150    2.261250   6.0   3.013
  N        1.138480   -1.066690    0.937240   7.0   3.953
  C        1.870400   -1.834970    0.088090   6.0   3.013
  C        2.782470   -2.775150    0.596500   6.0   3.013
  C        1.583400   -1.635230   -1.342660   6.0   3.013
  N        0.473760   -0.898040   -1.612000   7.0   3.953
  C        0.101700   -0.682690   -2.883300   6.0   3.013
  C        0.833320   -1.165270   -3.957840   6.0   3.013
  C        2.004220   -1.870700   -3.711540   6.0   3.013
  C        2.391640   -2.101680   -2.392960   6.0   3.013
  C        2.379670    4.006850    0.228610   6.0   3.013
  C        2.566000    3.111010   -0.819630   6.0   3.013
  C        1.766900    1.978990   -0.880360   6.0   3.013
  N        0.818850    1.716630    0.033400   7.0   3.953
  C        0.629250    2.583840    1.064020   6.0   3.013
  C        1.401860    3.738660    1.178520   6.0   3.013
  C       -0.429590    2.210700    2.017690   6.0   3.013
  N       -1.052170    1.028950    1.764280   7.0   3.953
  C       -2.029770    0.608570    2.583170   6.0   3.013
  C       -2.433270    1.336880    3.692370   6.0   3.013
  C       -1.803810    2.548160    3.962820   6.0   3.013
  C       -0.793290    2.987500    3.116550   6.0   3.013
  C       -4.316940    1.852200   -2.204730   6.0   3.013
  C       -3.178540    2.644580   -2.091140   6.0   3.013
  C       -2.061090    2.119840   -1.459130   6.0   3.013
  N       -2.038540    0.875420   -0.955080   7.0   3.953
  C       -3.145360    0.092610   -1.056970   6.0   3.013
  C       -4.298150    0.564830   -1.682590   6.0   3.013
  C       -3.022740   -1.254000   -0.472410   6.0   3.013
  N       -1.829290   -1.526550    0.120020   7.0   3.953
  C       -1.631120   -2.732540    0.675830   6.0   3.013
  C       -2.604510   -3.720550    0.676480   6.0   3.013
  C       -3.830990   -3.452150    0.076580   6.0   3.013
  C       -4.039890   -2.206890   -0.503010   6.0   3.013
  RU      -0.413350    0.020170    0.047020  44.0 221.760
  H        3.695610   -3.572660    2.373660   1.0   1.000
  H        2.408690   -2.047230    3.886890   1.0   1.000
  H        0.730330   -0.504620    2.879150   1.0   1.000
  S        3.523370   -4.013570   -0.449420  16.0  12.923
  H       -0.791360   -0.091100   -3.025970   1.0   1.000
  H        0.496980   -0.974270   -4.969050   1.0   1.000
  H        2.616650   -2.233870   -4.528230   1.0   1.000
  S        4.007810   -2.789580   -2.089770  16.0  12.923
  H        2.985560    4.901560    0.308870   1.0   1.000
  H        3.316270    3.277810   -1.582330   1.0   1.000
  H        1.877350    1.260020   -1.680220   1.0   1.000
  H        1.245970    4.422960    2.001290   1.0   1.000
  H       -2.486650   -0.339020    2.333560   1.0   1.000
  H       -3.225530    0.955320    4.324080   1.0   1.000
  H       -2.094050    3.144910    4.819340   1.0   1.000
  H       -0.296750    3.928170    3.311710   1.0   1.000
  H       -5.208180    2.228720   -2.692570   1.0   1.000
  H       -3.147960    3.653540   -2.482870   1.0   1.000
  H       -1.151410    2.694370   -1.351300   1.0   1.000
  H       -5.175160   -0.062630   -1.762940   1.0   1.000
  H       -0.666070   -2.897420    1.134190   1.0   1.000
  H       -2.396280   -4.676720    1.139920   1.0   1.000
  H       -4.615130   -4.199660    0.057830   1.0   1.000
  H       -4.986950   -1.984030   -0.975230   1.0   1.000

 GEOMETRY IN BOHR

 ATOM          X           Y           Z      Z_A   Z_eff

  C        5.646237   -5.399344    3.727352   6.0   3.013
  C        4.287939   -3.812428    5.317065   6.0   3.013
  C        2.539017   -2.164020    4.273143   6.0   3.013
  N        2.151415   -2.015752    1.771127   7.0   3.953
  C        3.534543   -3.467590    0.166466   6.0   3.013
  C        5.258106   -5.244273    1.127222   6.0   3.013
  C        2.992192   -3.090137   -2.537259   6.0   3.013
  N        0.895277   -1.697049   -3.046238   7.0   3.953
  C        0.192185   -1.290097   -5.448647   6.0   3.013
  C        1.574746   -2.202041   -7.479233   6.0   3.013
  C        3.787427   -3.535110   -7.013793   6.0   3.013
  C        4.519544   -3.971599   -4.522039   6.0   3.013
  C        4.496924    7.571848    0.432010   6.0   3.013
  C        4.849037    5.878956   -1.548876   6.0   3.013
  C        3.338957    3.739749   -1.663639   6.0   3.013
  N        1.547402    3.243960    0.063117   7.0   3.953
  C        1.189110    4.882750    2.010706   6.0   3.013
  C        2.649131    7.065043    2.227080   6.0   3.013
  C       -0.811807    4.177617    3.812881   6.0   3.013
  N       -1.988313    1.944434    3.334006   7.0   3.953
  C       -3.835709    1.150031    4.881483   6.0   3.013
  C       -4.598213    2.526337    6.977567   6.0   3.013
  C       -3.408707    4.815324    7.488644   6.0   3.013
  C       -1.499101    5.645556    5.889425   6.0   3.013
  C       -8.157834    3.500150   -4.166336   6.0   3.013
  C       -6.006570    4.997531   -3.951682   6.0   3.013
  C       -3.894895    4.005917   -2.757356   6.0   3.013
  N       -3.852282    1.654304   -1.804839   7.0   3.953
  C       -5.943868    0.175008   -1.997384   6.0   3.013
  C       -8.122326    1.067374   -3.179634   6.0   3.013
  C       -5.712150   -2.369716   -0.892725   6.0   3.013
  N       -3.456857   -2.884761    0.226805   7.0   3.953
  C       -3.082370   -5.163752    1.277133   6.0   3.013
  C       -4.921810   -7.030820    1.278362   6.0   3.013
  C       -7.239521   -6.523617    0.144715   6.0   3.013
  C       -7.634285   -4.170417   -0.950551   6.0   3.013
  RU      -0.781118    0.038116    0.088855  44.0 221.760
  H        6.983690   -6.751348    4.485567   1.0   1.000
  H        4.551764   -3.868704    7.345157   1.0   1.000
  H        1.380124   -0.953594    5.440804   1.0   1.000
  S        6.658204   -7.584547   -0.849281  16.0  12.923
  H       -1.495454   -0.172154   -5.718254   1.0   1.000
  H        0.939156   -1.841103   -9.390143   1.0   1.000
  H        4.944751   -4.221402   -8.557114   1.0   1.000
  S        7.573663   -5.271542   -3.949093  16.0  12.923
  H        5.641890    9.262605    0.583680   1.0   1.000
  H        6.266842    6.194163   -2.990170   1.0   1.000
  H        3.547677    2.381093   -3.175155   1.0   1.000
  H        2.354542    8.358182    3.781890   1.0   1.000
  H       -4.699087   -0.640655    4.409789   1.0   1.000
  H       -6.095368    1.805293    8.171326   1.0   1.000
  H       -3.957181    5.943018    9.107232   1.0   1.000
  H       -0.560776    7.423165    6.258224   1.0   1.000
  H       -9.842033    4.211670   -5.088219   1.0   1.000
  H       -5.948782    6.904189   -4.691944   1.0   1.000
  H       -2.175849    5.091621   -2.553587   1.0   1.000
  H       -9.779634   -0.118354   -3.331473   1.0   1.000
  H       -1.258690   -5.475330    2.143308   1.0   1.000
  H       -4.528313   -8.837719    2.154136   1.0   1.000
  H       -8.721331   -7.936207    0.109283   1.0   1.000
  H       -9.423969   -3.749273   -1.842917   1.0   1.000


 NUMBER OF ATOMS                  =     61
 NUMBER OF SHELLS                 =    386
 NUMBER OF GTFs                   =    786
 NUMBER OF STOs                   =    828


 BASIS SET

 C 
     1    0    6    1
          4563.240000000         0.778201757
           682.024000000         1.448694805
           154.973000000         2.383089332
            44.455300000         3.200089012
            13.029000000         3.013004438
             1.827730000         0.247598633
     1    0    3    1
            20.964200000         0.800628519
             4.803310000         2.127419891
             1.459330000        -0.002867911
     1    1    3    3
            20.964200000         2.573592215
             4.803310000         2.408248223
             1.459330000         1.865281334
     1    0    1    1
             0.483456000         0.413216646
     1    1    1    3
             0.483456000         0.574627334
     1    0    1    1
             0.145585000         0.167976128
     1    1    1    3
             0.145585000         0.128184607
     1    2    1    6
             0.626000000         1.255958145
 C 
     2    0    6    1
          4563.240000000         0.778201757
           682.024000000         1.448694805
           154.973000000         2.383089332
            44.455300000         3.200089012
            13.029000000         3.013004438
             1.827730000         0.247598633
     2    0    3    1
            20.964200000         0.800628519
             4.803310000         2.127419891
             1.459330000        -0.002867911
     2    1    3    3
            20.964200000         2.573592215
             4.803310000         2.408248223
             1.459330000         1.865281334
     2    0    1    1
             0.483456000         0.413216646
     2    1    1    3
             0.483456000         0.574627334
     2    0    1    1
             0.145585000         0.167976128
     2    1    1    3
             0.145585000         0.128184607
     2    2    1    6
             0.626000000         1.255958145
 C 
     3    0    6    1
          4563.240000000         0.778201757
           682.024000000         1.448694805
           154.973000000         2.383089332
            44.455300000         3.200089012
            13.029000000         3.013004438
             1.827730000         0.247598633
     3    0    3    1
            20.964200000         0.800628519
             4.803310000         2.127419891
             1.459330000        -0.002867911
     3    1    3    3
            20.964200000         2.573592215
             4.803310000         2.408248223
             1.459330000         1.865281334
     3    0    1    1
             0.483456000         0.413216646
     3    1    1    3
             0.483456000         0.574627334
     3    0    1    1
             0.145585000         0.167976128
     3    1    1    3
             0.145585000         0.128184607
     3    2    1    6
             0.626000000         1.255958145
 N 
     4    0    6    1
          6293.480000000         0.991968210
           949.044000000         1.823239730
           218.776000000         2.979890641
            63.691600000         4.000007027
            18.828200000         3.881007690
             2.720230000         0.386764334
     4    0    3    1
            30.633100000         1.038501157
             7.026140000         2.834794405
             2.112050000        -0.003208003
     4    1    3    3
            30.633100000         3.935615619
             7.026140000         3.870994023
             2.112050000         2.967270758
     4    0    1    1
             0.684009000         0.536051424
     4    1    1    3
             0.684009000         0.886680909
     4    0    1    1
             0.200878000         0.213850059
     4    1    1    3
             0.200878000         0.191692693
     4    2    1    6
             0.913000000         2.431050297
 C 
     5    0    6    1
          4563.240000000         0.778201757
           682.024000000         1.448694805
           154.973000000         2.383089332
            44.455300000         3.200089012
            13.029000000         3.013004438
             1.827730000         0.247598633
     5    0    3    1
            20.964200000         0.800628519
             4.803310000         2.127419891
             1.459330000        -0.002867911
     5    1    3    3
            20.964200000         2.573592215
             4.803310000         2.408248223
             1.459330000         1.865281334
     5    0    1    1
             0.483456000         0.413216646
     5    1    1    3
             0.483456000         0.574627334
     5    0    1    1
             0.145585000         0.167976128
     5    1    1    3
             0.145585000         0.128184607
     5    2    1    6
             0.626000000         1.255958145
 C 
     6    0    6    1
          4563.240000000         0.778201757
           682.024000000         1.448694805
           154.973000000         2.383089332
            44.455300000         3.200089012
            13.029000000         3.013004438
             1.827730000         0.247598633
     6    0    3    1
            20.964200000         0.800628519
             4.803310000         2.127419891
             1.459330000        -0.002867911
     6    1    3    3
            20.964200000         2.573592215
             4.803310000         2.408248223
             1.459330000         1.865281334
     6    0    1    1
             0.483456000         0.413216646
     6    1    1    3
             0.483456000         0.574627334
     6    0    1    1
             0.145585000         0.167976128
     6    1    1    3
             0.145585000         0.128184607
     6    2    1    6
             0.626000000         1.255958145
 C 
     7    0    6    1
          4563.240000000         0.778201757
           682.024000000         1.448694805
           154.973000000         2.383089332
            44.455300000         3.200089012
            13.029000000         3.013004438
             1.827730000         0.247598633
     7    0    3    1
            20.964200000         0.800628519
             4.803310000         2.127419891
             1.459330000        -0.002867911
     7    1    3    3
            20.964200000         2.573592215
             4.803310000         2.408248223
             1.459330000         1.865281334
     7    0    1    1
             0.483456000         0.413216646
     7    1    1    3
             0.483456000         0.574627334
     7    0    1    1
             0.145585000         0.167976128
     7    1    1    3
             0.145585000         0.128184607
     7    2    1    6
             0.626000000         1.255958145
 N 
     8    0    6    1
          6293.480000000         0.991968210
           949.044000000         1.823239730
           218.776000000         2.979890641
            63.691600000         4.000007027
            18.828200000         3.881007690
             2.720230000         0.386764334
     8    0    3    1
            30.633100000         1.038501157
             7.026140000         2.834794405
             2.112050000        -0.003208003
     8    1    3    3
            30.633100000         3.935615619
             7.026140000         3.870994023
             2.112050000         2.967270758
     8    0    1    1
             0.684009000         0.536051424
     8    1    1    3
             0.684009000         0.886680909
     8    0    1    1
             0.200878000         0.213850059
     8    1    1    3
             0.200878000         0.191692693
     8    2    1    6
             0.913000000         2.431050297
 C 
     9    0    6    1
          4563.240000000         0.778201757
           682.024000000         1.448694805
           154.973000000         2.383089332
            44.455300000         3.200089012
            13.029000000         3.013004438
             1.827730000         0.247598633
     9    0    3    1
            20.964200000         0.800628519
             4.803310000         2.127419891
             1.459330000        -0.002867911
     9    1    3    3
            20.964200000         2.573592215
             4.803310000         2.408248223
             1.459330000         1.865281334
     9    0    1    1
             0.483456000         0.413216646
     9    1    1    3
             0.483456000         0.574627334
     9    0    1    1
             0.145585000         0.167976128
     9    1    1    3
             0.145585000         0.128184607
     9    2    1    6
             0.626000000         1.255958145
 C 
    10    0    6    1
          4563.240000000         0.778201757
           682.024000000         1.448694805
           154.973000000         2.383089332
            44.455300000         3.200089012
            13.029000000         3.013004438
             1.827730000         0.247598633
    10    0    3    1
            20.964200000         0.800628519
             4.803310000         2.127419891
             1.459330000        -0.002867911
    10    1    3    3
            20.964200000         2.573592215
             4.803310000         2.408248223
             1.459330000         1.865281334
    10    0    1    1
             0.483456000         0.413216646
    10    1    1    3
             0.483456000         0.574627334
    10    0    1    1
             0.145585000         0.167976128
    10    1    1    3
             0.145585000         0.128184607
    10    2    1    6
             0.626000000         1.255958145
 C 
    11    0    6    1
          4563.240000000         0.778201757
           682.024000000         1.448694805
           154.973000000         2.383089332
            44.455300000         3.200089012
            13.029000000         3.013004438
             1.827730000         0.247598633
    11    0    3    1
            20.964200000         0.800628519
             4.803310000         2.127419891
             1.459330000        -0.002867911
    11    1    3    3
            20.964200000         2.573592215
             4.803310000         2.408248223
             1.459330000         1.865281334
    11    0    1    1
             0.483456000         0.413216646
    11    1    1    3
             0.483456000         0.574627334
    11    0    1    1
             0.145585000         0.167976128
    11    1    1    3
             0.145585000         0.128184607
    11    2    1    6
             0.626000000         1.255958145
 C 
    12    0    6    1
          4563.240000000         0.778201757
           682.024000000         1.448694805
           154.973000000         2.383089332
            44.455300000         3.200089012
            13.029000000         3.013004438
             1.827730000         0.247598633
    12    0    3    1
            20.964200000         0.800628519
             4.803310000         2.127419891
             1.459330000        -0.002867911
    12    1    3    3
            20.964200000         2.573592215
             4.803310000         2.408248223
             1.459330000         1.865281334
    12    0    1    1
             0.483456000         0.413216646
    12    1    1    3
             0.483456000         0.574627334
    12    0    1    1
             0.145585000         0.167976128
    12    1    1    3
             0.145585000         0.128184607
    12    2    1    6
             0.626000000         1.255958145
 C 
    13    0    6    1
          4563.240000000         0.778201757
           682.024000000         1.448694805
           154.973000000         2.383089332
            44.455300000         3.200089012
            13.029000000         3.013004438
             1.827730000         0.247598633
    13    0    3    1
            20.964200000         0.800628519
             4.803310000         2.127419891
             1.459330000        -0.002867911
    13    1    3    3
            20.964200000         2.573592215
             4.803310000         2.408248223
             1.459330000         1.865281334
    13    0    1    1
             0.483456000         0.413216646
    13    1    1    3
             0.483456000         0.574627334
    13    0    1    1
             0.145585000         0.167976128
    13    1    1    3
             0.145585000         0.128184607
    13    2    1    6
             0.626000000         1.255958145
 C 
    14    0    6    1
          4563.240000000         0.778201757
           682.024000000         1.448694805
           154.973000000         2.383089332
            44.455300000         3.200089012
            13.029000000         3.013004438
             1.827730000         0.247598633
    14    0    3    1
            20.964200000         0.800628519
             4.803310000         2.127419891
             1.459330000        -0.002867911
    14    1    3    3
            20.964200000         2.573592215
             4.803310000         2.408248223
             1.459330000         1.865281334
    14    0    1    1
             0.483456000         0.413216646
    14    1    1    3
             0.483456000         0.574627334
    14    0    1    1
             0.145585000         0.167976128
    14    1    1    3
             0.145585000         0.128184607
    14    2    1    6
             0.626000000         1.255958145
 C 
    15    0    6    1
          4563.240000000         0.778201757
           682.024000000         1.448694805
           154.973000000         2.383089332
            44.455300000         3.200089012
            13.029000000         3.013004438
             1.827730000         0.247598633
    15    0    3    1
            20.964200000         0.800628519
             4.803310000         2.127419891
             1.459330000        -0.002867911
    15    1    3    3
            20.964200000         2.573592215
             4.803310000         2.408248223
             1.459330000         1.865281334
    15    0    1    1
             0.483456000         0.413216646
    15    1    1    3
             0.483456000         0.574627334
    15    0    1    1
             0.145585000         0.167976128
    15    1    1    3
             0.145585000         0.128184607
    15    2    1    6
             0.626000000         1.255958145
 N 
    16    0    6    1
          6293.480000000         0.991968210
           949.044000000         1.823239730
           218.776000000         2.979890641
            63.691600000         4.000007027
            18.828200000         3.881007690
             2.720230000         0.386764334
    16    0    3    1
            30.633100000         1.038501157
             7.026140000         2.834794405
             2.112050000        -0.003208003
    16    1    3    3
            30.633100000         3.935615619
             7.026140000         3.870994023
             2.112050000         2.967270758
    16    0    1    1
             0.684009000         0.536051424
    16    1    1    3
             0.684009000         0.886680909
    16    0    1    1
             0.200878000         0.213850059
    16    1    1    3
             0.200878000         0.191692693
    16    2    1    6
             0.913000000         2.431050297
 C 
    17    0    6    1
          4563.240000000         0.778201757
           682.024000000         1.448694805
           154.973000000         2.383089332
            44.455300000         3.200089012
            13.029000000         3.013004438
             1.827730000         0.247598633
    17    0    3    1
            20.964200000         0.800628519
             4.803310000         2.127419891
             1.459330000        -0.002867911
    17    1    3    3
            20.964200000         2.573592215
             4.803310000         2.408248223
             1.459330000         1.865281334
    17    0    1    1
             0.483456000         0.413216646
    17    1    1    3
             0.483456000         0.574627334
    17    0    1    1
             0.145585000         0.167976128
    17    1    1    3
             0.145585000         0.128184607
    17    2    1    6
             0.626000000         1.255958145
 C 
    18    0    6    1
          4563.240000000         0.778201757
           682.024000000         1.448694805
           154.973000000         2.383089332
            44.455300000         3.200089012
            13.029000000         3.013004438
             1.827730000         0.247598633
    18    0    3    1
            20.964200000         0.800628519
             4.803310000         2.127419891
             1.459330000        -0.002867911
    18    1    3    3
            20.964200000         2.573592215
             4.803310000         2.408248223
             1.459330000         1.865281334
    18    0    1    1
             0.483456000         0.413216646
    18    1    1    3
             0.483456000         0.574627334
    18    0    1    1
             0.145585000         0.167976128
    18    1    1    3
             0.145585000         0.128184607
    18    2    1    6
             0.626000000         1.255958145
 C 
    19    0    6    1
          4563.240000000         0.778201757
           682.024000000         1.448694805
           154.973000000         2.383089332
            44.455300000         3.200089012
            13.029000000         3.013004438
             1.827730000         0.247598633
    19    0    3    1
            20.964200000         0.800628519
             4.803310000         2.127419891
             1.459330000        -0.002867911
    19    1    3    3
            20.964200000         2.573592215
             4.803310000         2.408248223
             1.459330000         1.865281334
    19    0    1    1
             0.483456000         0.413216646
    19    1    1    3
             0.483456000         0.574627334
    19    0    1    1
             0.145585000         0.167976128
    19    1    1    3
             0.145585000         0.128184607
    19    2    1    6
             0.626000000         1.255958145
 N 
    20    0    6    1
          6293.480000000         0.991968210
           949.044000000         1.823239730
           218.776000000         2.979890641
            63.691600000         4.000007027
            18.828200000         3.881007690
             2.720230000         0.386764334
    20    0    3    1
            30.633100000         1.038501157
             7.026140000         2.834794405
             2.112050000        -0.003208003
    20    1    3    3
            30.633100000         3.935615619
             7.026140000         3.870994023
             2.112050000         2.967270758
    20    0    1    1
             0.684009000         0.536051424
    20    1    1    3
             0.684009000         0.886680909
    20    0    1    1
             0.200878000         0.213850059
    20    1    1    3
             0.200878000         0.191692693
    20    2    1    6
             0.913000000         2.431050297
 C 
    21    0    6    1
          4563.240000000         0.778201757
           682.024000000         1.448694805
           154.973000000         2.383089332
            44.455300000         3.200089012
            13.029000000         3.013004438
             1.827730000         0.247598633
    21    0    3    1
            20.964200000         0.800628519
             4.803310000         2.127419891
             1.459330000        -0.002867911
    21    1    3    3
            20.964200000         2.573592215
             4.803310000         2.408248223
             1.459330000         1.865281334
    21    0    1    1
             0.483456000         0.413216646
    21    1    1    3
             0.483456000         0.574627334
    21    0    1    1
             0.145585000         0.167976128
    21    1    1    3
             0.145585000         0.128184607
    21    2    1    6
             0.626000000         1.255958145
 C 
    22    0    6    1
          4563.240000000         0.778201757
           682.024000000         1.448694805
           154.973000000         2.383089332
            44.455300000         3.200089012
            13.029000000         3.013004438
             1.827730000         0.247598633
    22    0    3    1
            20.964200000         0.800628519
             4.803310000         2.127419891
             1.459330000        -0.002867911
    22    1    3    3
            20.964200000         2.573592215
             4.803310000         2.408248223
             1.459330000         1.865281334
    22    0    1    1
             0.483456000         0.413216646
    22    1    1    3
             0.483456000         0.574627334
    22    0    1    1
             0.145585000         0.167976128
    22    1    1    3
             0.145585000         0.128184607
    22    2    1    6
             0.626000000         1.255958145
 C 
    23    0    6    1
          4563.240000000         0.778201757
           682.024000000         1.448694805
           154.973000000         2.383089332
            44.455300000         3.200089012
            13.029000000         3.013004438
             1.827730000         0.247598633
    23    0    3    1
            20.964200000         0.800628519
             4.803310000         2.127419891
             1.459330000        -0.002867911
    23    1    3    3
            20.964200000         2.573592215
             4.803310000         2.408248223
             1.459330000         1.865281334
    23    0    1    1
             0.483456000         0.413216646
    23    1    1    3
             0.483456000         0.574627334
    23    0    1    1
             0.145585000         0.167976128
    23    1    1    3
             0.145585000         0.128184607
    23    2    1    6
             0.626000000         1.255958145
 C 
    24    0    6    1
          4563.240000000         0.778201757
           682.024000000         1.448694805
           154.973000000         2.383089332
            44.455300000         3.200089012
            13.029000000         3.013004438
             1.827730000         0.247598633
    24    0    3    1
            20.964200000         0.800628519
             4.803310000         2.127419891
             1.459330000        -0.002867911
    24    1    3    3
            20.964200000         2.573592215
             4.803310000         2.408248223
             1.459330000         1.865281334
    24    0    1    1
             0.483456000         0.413216646
    24    1    1    3
             0.483456000         0.574627334
    24    0    1    1
             0.145585000         0.167976128
    24    1    1    3
             0.145585000         0.128184607
    24    2    1    6
             0.626000000         1.255958145
 C 
    25    0    6    1
          4563.240000000         0.778201757
           682.024000000         1.448694805
           154.973000000         2.383089332
            44.455300000         3.200089012
            13.029000000         3.013004438
             1.827730000         0.247598633
    25    0    3    1
            20.964200000         0.800628519
             4.803310000         2.127419891
             1.459330000        -0.002867911
    25    1    3    3
            20.964200000         2.573592215
             4.803310000         2.408248223
             1.459330000         1.865281334
    25    0    1    1
             0.483456000         0.413216646
    25    1    1    3
             0.483456000         0.574627334
    25    0    1    1
             0.145585000         0.167976128
    25    1    1    3
             0.145585000         0.128184607
    25    2    1    6
             0.626000000         1.255958145
 C 
    26    0    6    1
          4563.240000000         0.778201757
           682.024000000         1.448694805
           154.973000000         2.383089332
            44.455300000         3.200089012
            13.029000000         3.013004438
             1.827730000         0.247598633
    26    0    3    1
            20.964200000         0.800628519
             4.803310000         2.127419891
             1.459330000        -0.002867911
    26    1    3    3
            20.964200000         2.573592215
             4.803310000         2.408248223
             1.459330000         1.865281334
    26    0    1    1
             0.483456000         0.413216646
    26    1    1    3
             0.483456000         0.574627334
    26    0    1    1
             0.145585000         0.167976128
    26    1    1    3
             0.145585000         0.128184607
    26    2    1    6
             0.626000000         1.255958145
 C 
    27    0    6    1
          4563.240000000         0.778201757
           682.024000000         1.448694805
           154.973000000         2.383089332
            44.455300000         3.200089012
            13.029000000         3.013004438
             1.827730000         0.247598633
    27    0    3    1
            20.964200000         0.800628519
             4.803310000         2.127419891
             1.459330000        -0.002867911
    27    1    3    3
            20.964200000         2.573592215
             4.803310000         2.408248223
             1.459330000         1.865281334
    27    0    1    1
             0.483456000         0.413216646
    27    1    1    3
             0.483456000         0.574627334
    27    0    1    1
             0.145585000         0.167976128
    27    1    1    3
             0.145585000         0.128184607
    27    2    1    6
             0.626000000         1.255958145
 N 
    28    0    6    1
          6293.480000000         0.991968210
           949.044000000         1.823239730
           218.776000000         2.979890641
            63.691600000         4.000007027
            18.828200000         3.881007690
             2.720230000         0.386764334
    28    0    3    1
            30.633100000         1.038501157
             7.026140000         2.834794405
             2.112050000        -0.003208003
    28    1    3    3
            30.633100000         3.935615619
             7.026140000         3.870994023
             2.112050000         2.967270758
    28    0    1    1
             0.684009000         0.536051424
    28    1    1    3
             0.684009000         0.886680909
    28    0    1    1
             0.200878000         0.213850059
    28    1    1    3
             0.200878000         0.191692693
    28    2    1    6
             0.913000000         2.431050297
 C 
    29    0    6    1
          4563.240000000         0.778201757
           682.024000000         1.448694805
           154.973000000         2.383089332
            44.455300000         3.200089012
            13.029000000         3.013004438
             1.827730000         0.247598633
    29    0    3    1
            20.964200000         0.800628519
             4.803310000         2.127419891
             1.459330000        -0.002867911
    29    1    3    3
            20.964200000         2.573592215
             4.803310000         2.408248223
             1.459330000         1.865281334
    29    0    1    1
             0.483456000         0.413216646
    29    1    1    3
             0.483456000         0.574627334
    29    0    1    1
             0.145585000         0.167976128
    29    1    1    3
             0.145585000         0.128184607
    29    2    1    6
             0.626000000         1.255958145
 C 
    30    0    6    1
          4563.240000000         0.778201757
           682.024000000         1.448694805
           154.973000000         2.383089332
            44.455300000         3.200089012
            13.029000000         3.013004438
             1.827730000         0.247598633
    30    0    3    1
            20.964200000         0.800628519
             4.803310000         2.127419891
             1.459330000        -0.002867911
    30    1    3    3
            20.964200000         2.573592215
             4.803310000         2.408248223
             1.459330000         1.865281334
    30    0    1    1
             0.483456000         0.413216646
    30    1    1    3
             0.483456000         0.574627334
    30    0    1    1
             0.145585000         0.167976128
    30    1    1    3
             0.145585000         0.128184607
    30    2    1    6
             0.626000000         1.255958145
 C 
    31    0    6    1
          4563.240000000         0.778201757
           682.024000000         1.448694805
           154.973000000         2.383089332
            44.455300000         3.200089012
            13.029000000         3.013004438
             1.827730000         0.247598633
    31    0    3    1
            20.964200000         0.800628519
             4.803310000         2.127419891
             1.459330000        -0.002867911
    31    1    3    3
            20.964200000         2.573592215
             4.803310000         2.408248223
             1.459330000         1.865281334
    31    0    1    1
             0.483456000         0.413216646
    31    1    1    3
             0.483456000         0.574627334
    31    0    1    1
             0.145585000         0.167976128
    31    1    1    3
             0.145585000         0.128184607
    31    2    1    6
             0.626000000         1.255958145
 N 
    32    0    6    1
          6293.480000000         0.991968210
           949.044000000         1.823239730
           218.776000000         2.979890641
            63.691600000         4.000007027
            18.828200000         3.881007690
             2.720230000         0.386764334
    32    0    3    1
            30.633100000         1.038501157
             7.026140000         2.834794405
             2.112050000        -0.003208003
    32    1    3    3
            30.633100000         3.935615619
             7.026140000         3.870994023
             2.112050000         2.967270758
    32    0    1    1
             0.684009000         0.536051424
    32    1    1    3
             0.684009000         0.886680909
    32    0    1    1
             0.200878000         0.213850059
    32    1    1    3
             0.200878000         0.191692693
    32    2    1    6
             0.913000000         2.431050297
 C 
    33    0    6    1
          4563.240000000         0.778201757
           682.024000000         1.448694805
           154.973000000         2.383089332
            44.455300000         3.200089012
            13.029000000         3.013004438
             1.827730000         0.247598633
    33    0    3    1
            20.964200000         0.800628519
             4.803310000         2.127419891
             1.459330000        -0.002867911
    33    1    3    3
            20.964200000         2.573592215
             4.803310000         2.408248223
             1.459330000         1.865281334
    33    0    1    1
             0.483456000         0.413216646
    33    1    1    3
             0.483456000         0.574627334
    33    0    1    1
             0.145585000         0.167976128
    33    1    1    3
             0.145585000         0.128184607
    33    2    1    6
             0.626000000         1.255958145
 C 
    34    0    6    1
          4563.240000000         0.778201757
           682.024000000         1.448694805
           154.973000000         2.383089332
            44.455300000         3.200089012
            13.029000000         3.013004438
             1.827730000         0.247598633
    34    0    3    1
            20.964200000         0.800628519
             4.803310000         2.127419891
             1.459330000        -0.002867911
    34    1    3    3
            20.964200000         2.573592215
             4.803310000         2.408248223
             1.459330000         1.865281334
    34    0    1    1
             0.483456000         0.413216646
    34    1    1    3
             0.483456000         0.574627334
    34    0    1    1
             0.145585000         0.167976128
    34    1    1    3
             0.145585000         0.128184607
    34    2    1    6
             0.626000000         1.255958145
 C 
    35    0    6    1
          4563.240000000         0.778201757
           682.024000000         1.448694805
           154.973000000         2.383089332
            44.455300000         3.200089012
            13.029000000         3.013004438
             1.827730000         0.247598633
    35    0    3    1
            20.964200000         0.800628519
             4.803310000         2.127419891
             1.459330000        -0.002867911
    35    1    3    3
            20.964200000         2.573592215
             4.803310000         2.408248223
             1.459330000         1.865281334
    35    0    1    1
             0.483456000         0.413216646
    35    1    1    3
             0.483456000         0.574627334
    35    0    1    1
             0.145585000         0.167976128
    35    1    1    3
             0.145585000         0.128184607
    35    2    1    6
             0.626000000         1.255958145
 C 
    36    0    6    1
          4563.240000000         0.778201757
           682.024000000         1.448694805
           154.973000000         2.383089332
            44.455300000         3.200089012
            13.029000000         3.013004438
             1.827730000         0.247598633
    36    0    3    1
            20.964200000         0.800628519
             4.803310000         2.127419891
             1.459330000        -0.002867911
    36    1    3    3
            20.964200000         2.573592215
             4.803310000         2.408248223
             1.459330000         1.865281334
    36    0    1    1
             0.483456000         0.413216646
    36    1    1    3
             0.483456000         0.574627334
    36    0    1    1
             0.145585000         0.167976128
    36    1    1    3
             0.145585000         0.128184607
    36    2    1    6
             0.626000000         1.255958145
 RU
    37    0    3    1
             2.565000000        -1.506794067
             1.508000000         1.291353947
             0.512900000         0.242456981
    37    0    4    1
             2.565000000         1.266868481
             1.508000000        -1.225390863
             0.512900000        -0.362190446
             0.136200000         0.169978355
    37    0    1    1
             0.041700000         0.065767621
    37    1    3    3
             4.859000000        -0.972528492
             1.219000000         1.357418829
             0.441300000         0.188063212
    37    1    2    3
             0.572500000        -0.062527106
             0.083000000         0.065305314
    37    1    1    3
             0.025000000         0.014169845
    37    2    3    6
             4.195000000         1.702727162
             1.377000000         2.547529397
             0.482800000         0.456793109
    37    2    1    6
             0.150100000         0.103189687
 H 
    38    0    3    1
            33.865000000         0.255069320
             5.094790000         0.460108662
             1.158790000         0.678321446
    38    0    1    1
             0.325840000         0.307371354
    38    0    1    1
             0.102741000         0.129335556
 H 
    39    0    3    1
            33.865000000         0.255069320
             5.094790000         0.460108662
             1.158790000         0.678321446
    39    0    1    1
             0.325840000         0.307371354
    39    0    1    1
             0.102741000         0.129335556
 H 
    40    0    3    1
            33.865000000         0.255069320
             5.094790000         0.460108662
             1.158790000         0.678321446
    40    0    1    1
             0.325840000         0.307371354
    40    0    1    1
             0.102741000         0.129335556
 S 
    41    0    6    1
         93413.400000000         2.829474376
         13961.700000000         5.302947430
          3169.910000000         9.018827726
           902.456000000        13.967823248
           297.158000000        18.793513512
           108.702000000        13.851251762
    41    0    3    1
           108.702000000         3.435492322
            43.155300000         7.493659946
            18.107900000         1.772797292
    41    0    1    1
             5.560090000         2.580604548
    41    0    1    1
             2.131830000         1.257403079
    41    0    1    1
             0.420403000         0.372099809
    41    0    1    1
             0.136045000         0.159651143
    41    1    4    3
           495.040000000        27.655998517
           117.221000000        35.199767963
            37.774900000        37.058320849
            14.058400000        28.910836899
    41    1    2    3
             5.565740000         7.478390074
             2.262970000         1.755873658
    41    1    1    3
             0.807994000         1.091943727
    41    1    1    3
             0.277460000         0.287038773
    41    1    1    3
             0.077141000         0.057949096
    41    2    1    6
             0.650000000         1.341431368
 H 
    42    0    3    1
            33.865000000         0.255069320
             5.094790000         0.460108662
             1.158790000         0.678321446
    42    0    1    1
             0.325840000         0.307371354
    42    0    1    1
             0.102741000         0.129335556
 H 
    43    0    3    1
            33.865000000         0.255069320
             5.094790000         0.460108662
             1.158790000         0.678321446
    43    0    1    1
             0.325840000         0.307371354
    43    0    1    1
             0.102741000         0.129335556
 H 
    44    0    3    1
            33.865000000         0.255069320
             5.094790000         0.460108662
             1.158790000         0.678321446
    44    0    1    1
             0.325840000         0.307371354
    44    0    1    1
             0.102741000         0.129335556
 S 
    45    0    6    1
         93413.400000000         2.829474376
         13961.700000000         5.302947430
          3169.910000000         9.018827726
           902.456000000        13.967823248
           297.158000000        18.793513512
           108.702000000        13.851251762
    45    0    3    1
           108.702000000         3.435492322
            43.155300000         7.493659946
            18.107900000         1.772797292
    45    0    1    1
             5.560090000         2.580604548
    45    0    1    1
             2.131830000         1.257403079
    45    0    1    1
             0.420403000         0.372099809
    45    0    1    1
             0.136045000         0.159651143
    45    1    4    3
           495.040000000        27.655998517
           117.221000000        35.199767963
            37.774900000        37.058320849
            14.058400000        28.910836899
    45    1    2    3
             5.565740000         7.478390074
             2.262970000         1.755873658
    45    1    1    3
             0.807994000         1.091943727
    45    1    1    3
             0.277460000         0.287038773
    45    1    1    3
             0.077141000         0.057949096
    45    2    1    6
             0.650000000         1.341431368
 H 
    46    0    3    1
            33.865000000         0.255069320
             5.094790000         0.460108662
             1.158790000         0.678321446
    46    0    1    1
             0.325840000         0.307371354
    46    0    1    1
             0.102741000         0.129335556
 H 
    47    0    3    1
            33.865000000         0.255069320
             5.094790000         0.460108662
             1.158790000         0.678321446
    47    0    1    1
             0.325840000         0.307371354
    47    0    1    1
             0.102741000         0.129335556
 H 
    48    0    3    1
            33.865000000         0.255069320
             5.094790000         0.460108662
             1.158790000         0.678321446
    48    0    1    1
             0.325840000         0.307371354
    48    0    1    1
             0.102741000         0.129335556
 H 
    49    0    3    1
            33.865000000         0.255069320
             5.094790000         0.460108662
             1.158790000         0.678321446
    49    0    1    1
             0.325840000         0.307371354
    49    0    1    1
             0.102741000         0.129335556
 H 
    50    0    3    1
            33.865000000         0.255069320
             5.094790000         0.460108662
             1.158790000         0.678321446
    50    0    1    1
             0.325840000         0.307371354
    50    0    1    1
             0.102741000         0.129335556
 H 
    51    0    3    1
            33.865000000         0.255069320
             5.094790000         0.460108662
             1.158790000         0.678321446
    51    0    1    1
             0.325840000         0.307371354
    51    0    1    1
             0.102741000         0.129335556
 H 
    52    0    3    1
            33.865000000         0.255069320
             5.094790000         0.460108662
             1.158790000         0.678321446
    52    0    1    1
             0.325840000         0.307371354
    52    0    1    1
             0.102741000         0.129335556
 H 
    53    0    3    1
            33.865000000         0.255069320
             5.094790000         0.460108662
             1.158790000         0.678321446
    53    0    1    1
             0.325840000         0.307371354
    53    0    1    1
             0.102741000         0.129335556
 H 
    54    0    3    1
            33.865000000         0.255069320
             5.094790000         0.460108662
             1.158790000         0.678321446
    54    0    1    1
             0.325840000         0.307371354
    54    0    1    1
             0.102741000         0.129335556
 H 
    55    0    3    1
            33.865000000         0.255069320
             5.094790000         0.460108662
             1.158790000         0.678321446
    55    0    1    1
             0.325840000         0.307371354
    55    0    1    1
             0.102741000         0.129335556
 H 
    56    0    3    1
            33.865000000         0.255069320
             5.094790000         0.460108662
             1.158790000         0.678321446
    56    0    1    1
             0.325840000         0.307371354
    56    0    1    1
             0.102741000         0.129335556
 H 
    57    0    3    1
            33.865000000         0.255069320
             5.094790000         0.460108662
             1.158790000         0.678321446
    57    0    1    1
             0.325840000         0.307371354
    57    0    1    1
             0.102741000         0.129335556
 H 
    58    0    3    1
            33.865000000         0.255069320
             5.094790000         0.460108662
             1.158790000         0.678321446
    58    0    1    1
             0.325840000         0.307371354
    58    0    1    1
             0.102741000         0.129335556
 H 
    59    0    3    1
            33.865000000         0.255069320
             5.094790000         0.460108662
             1.158790000         0.678321446
    59    0    1    1
             0.325840000         0.307371354
    59    0    1    1
             0.102741000         0.129335556
 H 
    60    0    3    1
            33.865000000         0.255069320
             5.094790000         0.460108662
             1.158790000         0.678321446
    60    0    1    1
             0.325840000         0.307371354
    60    0    1    1
             0.102741000         0.129335556
 H 
    61    0    3    1
            33.865000000         0.255069320
             5.094790000         0.460108662
             1.158790000         0.678321446
    61    0    1    1
             0.325840000         0.307371354
    61    0    1    1
             0.102741000         0.129335556


 ONE-ELECTRON SOC INTEGRALS CALCULATED IN    4.906544 SEC.

 *** 11 May 2026 - 00:17:15 ***
